[15:30:58.137] Global cache location '/home/lordie/.cache/typescript/4.3', safe file path '/home/lordie/Projects/deno_react_auth/client/node_modules/.pnpm/typescript@4.3.2/node_modules/typescript/lib/typingSafeList.json', types map path /home/lordie/Projects/deno_react_auth/client/node_modules/.pnpm/typescript@4.3.2/node_modules/typescript/lib/typesMap.json
[15:30:58.139] Processing cache location '/home/lordie/.cache/typescript/4.3'
[15:30:58.139] Trying to find '/home/lordie/.cache/typescript/4.3/package.json'...
[15:30:58.141] Loaded content of '/home/lordie/.cache/typescript/4.3/package.json': {"private":true,"dependencies":{"types-registry":"^0.1.546"},"devDependencies":{"@types/chai":"^4.2.18","@types/mime-types":"^2.1.0","@types/node":"^15.12.2","@types/prettier":"^2.3.0","@types/react":"^17.0.11","@types/react-dom":"^17.0.7","@types/ws":"^7.4.4"}}
[15:30:58.141] Loaded content of '/home/lordie/.cache/typescript/4.3/package-lock.json'
[15:30:58.165] Adding entry into typings cache: 'chai' => '/home/lordie/.cache/typescript/4.3/node_modules/@types/chai/index.d.ts'
[15:30:58.170] Adding entry into typings cache: 'mime-types' => '/home/lordie/.cache/typescript/4.3/node_modules/@types/mime-types/index.d.ts'
[15:30:58.190] Adding entry into typings cache: 'node' => '/home/lordie/.cache/typescript/4.3/node_modules/@types/node/index.d.ts'
[15:30:58.194] Adding entry into typings cache: 'prettier' => '/home/lordie/.cache/typescript/4.3/node_modules/@types/prettier/index.d.ts'
[15:30:58.204] Adding entry into typings cache: 'react' => '/home/lordie/.cache/typescript/4.3/node_modules/@types/react/index.d.ts'
[15:30:58.207] Adding entry into typings cache: 'react-dom' => '/home/lordie/.cache/typescript/4.3/node_modules/@types/react-dom/index.d.ts'
[15:30:58.211] Adding entry into typings cache: 'ws' => '/home/lordie/.cache/typescript/4.3/node_modules/@types/ws/index.d.ts'
[15:30:58.211] Finished processing cache location '/home/lordie/.cache/typescript/4.3'
[15:30:58.212] Process id: 508
[15:30:58.212] NPM location: /usr/bin/npm (explicit '--npmLocation' not  provided)
[15:30:58.212] validateDefaultNpmLocation: false
[15:30:58.212] Npm config file: /home/lordie/.cache/typescript/4.3/package.json
[15:30:58.212] Updating types-registry npm package...
[15:30:58.212] Exec: /usr/bin/npm install --ignore-scripts types-registry@latest
[15:30:59.510]     Succeeded. stdout:
    
    up to date, audited 12 packages in 1s

found 0 vulnerabilities

[15:30:59.510] Updated types-registry npm package
[15:41:36.305] Got install request {"projectName":"/dev/null/inferredProject1*","fileNames":[],"compilerOptions":{"module":1,"target":3,"jsx":1,"allowJs":true,"allowSyntheticDefaultImports":true,"allowNonTsExtensions":true,"noEmitForJsFiles":true},"typeAcquisition":{"enable":true,"include":[],"exclude":[]},"unresolvedImports":[],"projectRootPath":"/home/lordie/Projects/deno_react_auth/client/src","kind":"discover"}
[15:41:36.327] Loaded safelist from types map file '/home/lordie/Projects/deno_react_auth/client/node_modules/.pnpm/typescript@4.3.2/node_modules/typescript/lib/typesMap.json'
[15:41:36.328] Explicitly included types: []
[15:41:36.328] Inferred typings from unresolved imports: []
[15:41:36.328] Result: {"cachedTypingPaths":[],"newTypingNames":[],"filesToWatch":["/home/lordie/Projects/deno_react_auth/client/src/bower_components","/home/lordie/Projects/deno_react_auth/client/src/node_modules"]}
[15:41:36.328] Finished typings discovery: {"cachedTypingPaths":[],"newTypingNames":[],"filesToWatch":["/home/lordie/Projects/deno_react_auth/client/src/bower_components","/home/lordie/Projects/deno_react_auth/client/src/node_modules"]}
[15:41:36.329] DirectoryWatcher:: Added:: WatchInfo: /home/lordie/Projects/deno_react_auth/client/src/bower_components
[15:41:36.329] DirectoryWatcher:: Added:: WatchInfo: /home/lordie/Projects/deno_react_auth/client/src/bower_components 1 undefined Project: /dev/null/inferredProject1* watcher already invoked: false
[15:41:36.331] Elapsed:: 2.336200000019744ms DirectoryWatcher:: Added:: WatchInfo: /home/lordie/Projects/deno_react_auth/client/src/bower_components 1 undefined Project: /dev/null/inferredProject1* watcher already invoked: false
[15:41:36.332] DirectoryWatcher:: Added:: WatchInfo: /home/lordie/Projects/deno_react_auth/client/src/node_modules
[15:41:36.332] DirectoryWatcher:: Added:: WatchInfo: /home/lordie/Projects/deno_react_auth/client/src/node_modules 1 undefined Project: /dev/null/inferredProject1* watcher already invoked: false
[15:41:36.332] Elapsed:: 0.15669999993406236ms DirectoryWatcher:: Added:: WatchInfo: /home/lordie/Projects/deno_react_auth/client/src/node_modules 1 undefined Project: /dev/null/inferredProject1* watcher already invoked: false
[15:41:36.332] Sending response:
    {"projectName":"/dev/null/inferredProject1*","typeAcquisition":{"enable":true,"include":[],"exclude":[]},"compilerOptions":{"module":1,"target":3,"jsx":1,"allowJs":true,"allowSyntheticDefaultImports":true,"allowNonTsExtensions":true,"noEmitForJsFiles":true},"typings":[],"unresolvedImports":[],"kind":"action::set"}
[15:41:36.332] Response has been sent.
[15:41:36.333] No new typings were requested as a result of typings discovery
[16:10:21.821] Got install request {"projectName":"/dev/null/inferredProject2*","fileNames":["/home/lordie/Projects/deno_react_auth/client/node_modules/.pnpm/typescript@4.3.2/node_modules/typescript/lib/lib.es5.d.ts","/home/lordie/Projects/deno_react_auth/client/node_modules/.pnpm/typescript@4.3.2/node_modules/typescript/lib/lib.es2015.d.ts","/home/lordie/Projects/deno_react_auth/client/node_modules/.pnpm/typescript@4.3.2/node_modules/typescript/lib/lib.es2016.d.ts","/home/lordie/Projects/deno_react_auth/client/node_modules/.pnpm/typescript@4.3.2/node_modules/typescript/lib/lib.dom.d.ts","/home/lordie/Projects/deno_react_auth/client/node_modules/.pnpm/typescript@4.3.2/node_modules/typescript/lib/lib.dom.iterable.d.ts","/home/lordie/Projects/deno_react_auth/client/node_modules/.pnpm/typescript@4.3.2/node_modules/typescript/lib/lib.webworker.importscripts.d.ts","/home/lordie/Projects/deno_react_auth/client/node_modules/.pnpm/typescript@4.3.2/node_modules/typescript/lib/lib.scripthost.d.ts","/home/lordie/Projects/deno_react_auth/client/node_modules/.pnpm/typescript@4.3.2/node_modules/typescript/lib/lib.es2015.core.d.ts","/home/lordie/Projects/deno_react_auth/client/node_modules/.pnpm/typescript@4.3.2/node_modules/typescript/lib/lib.es2015.collection.d.ts","/home/lordie/Projects/deno_react_auth/client/node_modules/.pnpm/typescript@4.3.2/node_modules/typescript/lib/lib.es2015.generator.d.ts","/home/lordie/Projects/deno_react_auth/client/node_modules/.pnpm/typescript@4.3.2/node_modules/typescript/lib/lib.es2015.iterable.d.ts","/home/lordie/Projects/deno_react_auth/client/node_modules/.pnpm/typescript@4.3.2/node_modules/typescript/lib/lib.es2015.promise.d.ts","/home/lordie/Projects/deno_react_auth/client/node_modules/.pnpm/typescript@4.3.2/node_modules/typescript/lib/lib.es2015.proxy.d.ts","/home/lordie/Projects/deno_react_auth/client/node_modules/.pnpm/typescript@4.3.2/node_modules/typescript/lib/lib.es2015.reflect.d.ts","/home/lordie/Projects/deno_react_auth/client/node_modules/.pnpm/typescript@4.3.2/node_modules/typescript/lib/lib.es2015.symbol.d.ts","/home/lordie/Projects/deno_react_auth/client/node_modules/.pnpm/typescript@4.3.2/node_modules/typescript/lib/lib.es2015.symbol.wellknown.d.ts","/home/lordie/Projects/deno_react_auth/client/node_modules/.pnpm/typescript@4.3.2/node_modules/typescript/lib/lib.es2016.array.include.d.ts","/home/lordie/Projects/deno_react_auth/client/node_modules/.pnpm/typescript@4.3.2/node_modules/typescript/lib/lib.es2016.full.d.ts","/home/lordie/Projects/deno_react_auth/client/snowpack.config.mjs"],"compilerOptions":{"module":1,"target":3,"jsx":1,"allowJs":true,"allowSyntheticDefaultImports":true,"allowNonTsExtensions":true,"noEmitForJsFiles":true,"maxNodeModuleJsDepth":2},"typeAcquisition":{"enable":true,"include":[],"exclude":[]},"unresolvedImports":[],"projectRootPath":"/home/lordie/Projects/deno_react_auth/client","kind":"discover"}
[16:10:21.822] Explicitly included types: []
[16:10:21.824] Typing names in '/home/lordie/Projects/deno_react_auth/client/package.json' dependencies: ["@emotion/react","@reach/router","jwt-decode","react","react-dom","react-hook-form","@snowpack/plugin-dotenv","@snowpack/plugin-react-refresh","@snowpack/plugin-typescript","@snowpack/plugin-webpack","@snowpack/web-test-runner-plugin","@testing-library/react","@types/chai","@types/mocha","@types/reach__router","@types/react","@types/react-dom","@types/snowpack-env","@web/test-runner","chai","http2-proxy","prettier","snowpack","typescript"]
[16:10:21.866] Searching for typing names in /home/lordie/Projects/deno_react_auth/client/node_modules; all files: ["/home/lordie/Projects/deno_react_auth/client/node_modules/chai/bower.json","/home/lordie/Projects/deno_react_auth/client/node_modules/chai/package.json","/home/lordie/Projects/deno_react_auth/client/node_modules/eslint-scope/package.json","/home/lordie/Projects/deno_react_auth/client/node_modules/http2-proxy/package.json","/home/lordie/Projects/deno_react_auth/client/node_modules/jwt-decode/package.json","/home/lordie/Projects/deno_react_auth/client/node_modules/mime-types/package.json","/home/lordie/Projects/deno_react_auth/client/node_modules/prettier/package.json","/home/lordie/Projects/deno_react_auth/client/node_modules/prop-types/package.json","/home/lordie/Projects/deno_react_auth/client/node_modules/react/build-info.json","/home/lordie/Projects/deno_react_auth/client/node_modules/react/package.json","/home/lordie/Projects/deno_react_auth/client/node_modules/react-dom/build-info.json","/home/lordie/Projects/deno_react_auth/client/node_modules/react-dom/package.json","/home/lordie/Projects/deno_react_auth/client/node_modules/react-hook-form/package.json","/home/lordie/Projects/deno_react_auth/client/node_modules/snowpack/package.json","/home/lordie/Projects/deno_react_auth/client/node_modules/typescript/package.json"]
[16:10:21.874]     Package 'http2-proxy' provides its own types.
[16:10:21.875]     Package 'jwt-decode' provides its own types.
[16:10:21.890]     Package 'react-hook-form' provides its own types.
[16:10:21.896]     Package 'snowpack' provides its own types.
[16:10:21.904]     Package 'typescript' provides its own types.
[16:10:21.904]     Found package names: ["chai","chai","eslint-scope","mime-types","prettier","prop-types","react","react-dom"]
[16:10:21.904] Inferred typings from unresolved imports: []
[16:10:21.905] Result: {"cachedTypingPaths":["/home/lordie/Projects/deno_react_auth/client/node_modules/jwt-decode/index.d.ts","/home/lordie/.cache/typescript/4.3/node_modules/@types/react/index.d.ts","/home/lordie/.cache/typescript/4.3/node_modules/@types/react-dom/index.d.ts","/home/lordie/Projects/deno_react_auth/client/node_modules/react-hook-form/dist/index.d.ts","/home/lordie/.cache/typescript/4.3/node_modules/@types/chai/index.d.ts","/home/lordie/Projects/deno_react_auth/client/node_modules/http2-proxy/index.d.ts","/home/lordie/.cache/typescript/4.3/node_modules/@types/prettier/index.d.ts","/home/lordie/Projects/deno_react_auth/client/node_modules/snowpack/lib/index.d.ts","/home/lordie/Projects/deno_react_auth/client/node_modules/typescript/lib/typescript.d.ts","/home/lordie/.cache/typescript/4.3/node_modules/@types/mime-types/index.d.ts"],"newTypingNames":["@emotion/react","@reach/router","@snowpack/plugin-dotenv","@snowpack/plugin-react-refresh","@snowpack/plugin-typescript","@snowpack/plugin-webpack","@snowpack/web-test-runner-plugin","@testing-library/react","@types/chai","@types/mocha","@types/reach__router","@types/react","@types/react-dom","@types/snowpack-env","@web/test-runner","eslint-scope","prop-types"],"filesToWatch":["/home/lordie/Projects/deno_react_auth/client/package.json","/home/lordie/Projects/deno_react_auth/client/bower_components","/home/lordie/Projects/deno_react_auth/client/node_modules"]}
[16:10:21.905] Finished typings discovery: {"cachedTypingPaths":["/home/lordie/Projects/deno_react_auth/client/node_modules/jwt-decode/index.d.ts","/home/lordie/.cache/typescript/4.3/node_modules/@types/react/index.d.ts","/home/lordie/.cache/typescript/4.3/node_modules/@types/react-dom/index.d.ts","/home/lordie/Projects/deno_react_auth/client/node_modules/react-hook-form/dist/index.d.ts","/home/lordie/.cache/typescript/4.3/node_modules/@types/chai/index.d.ts","/home/lordie/Projects/deno_react_auth/client/node_modules/http2-proxy/index.d.ts","/home/lordie/.cache/typescript/4.3/node_modules/@types/prettier/index.d.ts","/home/lordie/Projects/deno_react_auth/client/node_modules/snowpack/lib/index.d.ts","/home/lordie/Projects/deno_react_auth/client/node_modules/typescript/lib/typescript.d.ts","/home/lordie/.cache/typescript/4.3/node_modules/@types/mime-types/index.d.ts"],"newTypingNames":["@emotion/react","@reach/router","@snowpack/plugin-dotenv","@snowpack/plugin-react-refresh","@snowpack/plugin-typescript","@snowpack/plugin-webpack","@snowpack/web-test-runner-plugin","@testing-library/react","@types/chai","@types/mocha","@types/reach__router","@types/react","@types/react-dom","@types/snowpack-env","@web/test-runner","eslint-scope","prop-types"],"filesToWatch":["/home/lordie/Projects/deno_react_auth/client/package.json","/home/lordie/Projects/deno_react_auth/client/bower_components","/home/lordie/Projects/deno_react_auth/client/node_modules"]}
[16:10:21.905] FileWatcher:: Added:: WatchInfo: /home/lordie/Projects/deno_react_auth/client/package.json
[16:10:21.905] FileWatcher:: Added:: WatchInfo: /home/lordie/Projects/deno_react_auth/client/package.json 2000 undefined Project: /dev/null/inferredProject2* watcher already invoked: false
[16:10:21.906] DirectoryWatcher:: Added:: WatchInfo: /home/lordie/Projects/deno_react_auth/client/bower_components
[16:10:21.906] DirectoryWatcher:: Added:: WatchInfo: /home/lordie/Projects/deno_react_auth/client/bower_components 1 undefined Project: /dev/null/inferredProject2* watcher already invoked: false
[16:10:21.906] Elapsed:: 0.25439999997615814ms DirectoryWatcher:: Added:: WatchInfo: /home/lordie/Projects/deno_react_auth/client/bower_components 1 undefined Project: /dev/null/inferredProject2* watcher already invoked: false
[16:10:21.906] DirectoryWatcher:: Added:: WatchInfo: /home/lordie/Projects/deno_react_auth/client/node_modules
[16:10:21.906] DirectoryWatcher:: Added:: WatchInfo: /home/lordie/Projects/deno_react_auth/client/node_modules 1 undefined Project: /dev/null/inferredProject2* watcher already invoked: false
[16:10:21.914] Elapsed:: 7.251999999862164ms DirectoryWatcher:: Added:: WatchInfo: /home/lordie/Projects/deno_react_auth/client/node_modules 1 undefined Project: /dev/null/inferredProject2* watcher already invoked: false
[16:10:21.914] Installing typings ["@emotion/react","@reach/router","@snowpack/plugin-dotenv","@snowpack/plugin-react-refresh","@snowpack/plugin-typescript","@snowpack/plugin-webpack","@snowpack/web-test-runner-plugin","@testing-library/react","@types/chai","@types/mocha","@types/reach__router","@types/react","@types/react-dom","@types/snowpack-env","@web/test-runner","eslint-scope","prop-types"]
[16:10:21.915] '@emotion/react':: Entry for package 'emotion__react' does not exist in local types registry - skipping...
[16:10:21.915] '@snowpack/plugin-dotenv':: Entry for package 'snowpack__plugin-dotenv' does not exist in local types registry - skipping...
[16:10:21.915] '@snowpack/plugin-react-refresh':: Entry for package 'snowpack__plugin-react-refresh' does not exist in local types registry - skipping...
[16:10:21.915] '@snowpack/plugin-typescript':: Entry for package 'snowpack__plugin-typescript' does not exist in local types registry - skipping...
[16:10:21.915] '@snowpack/plugin-webpack':: Entry for package 'snowpack__plugin-webpack' does not exist in local types registry - skipping...
[16:10:21.915] '@snowpack/web-test-runner-plugin':: Entry for package 'snowpack__web-test-runner-plugin' does not exist in local types registry - skipping...
[16:10:21.915] '@testing-library/react':: Entry for package 'testing-library__react' does not exist in local types registry - skipping...
[16:10:21.915] '@types/chai':: Entry for package 'types__chai' does not exist in local types registry - skipping...
[16:10:21.915] '@types/mocha':: Entry for package 'types__mocha' does not exist in local types registry - skipping...
[16:10:21.915] '@types/reach__router':: Entry for package 'types__reach__router' does not exist in local types registry - skipping...
[16:10:21.915] '@types/react':: Entry for package 'types__react' does not exist in local types registry - skipping...
[16:10:21.915] '@types/react-dom':: Entry for package 'types__react-dom' does not exist in local types registry - skipping...
[16:10:21.915] '@types/snowpack-env':: Entry for package 'types__snowpack-env' does not exist in local types registry - skipping...
[16:10:21.915] '@web/test-runner':: Entry for package 'web__test-runner' does not exist in local types registry - skipping...
[16:10:21.915] Npm config file: /home/lordie/.cache/typescript/4.3/package.json
[16:10:21.915] Sending response:
    {"kind":"event::beginInstallTypes","eventId":1,"typingsInstallerVersion":"4.3.2","projectName":"/dev/null/inferredProject2*"}
[16:10:21.915] Response has been sent.
[16:10:21.916] #1 with arguments'["@types/reach__router@ts4.3","@types/eslint-scope@ts4.3","@types/prop-types@ts4.3"]'.
[16:10:21.916] Exec: /usr/bin/npm install --ignore-scripts @types/reach__router@ts4.3 @types/eslint-scope@ts4.3 @types/prop-types@ts4.3 --save-dev --user-agent="typesInstaller/4.3.2"
[16:10:23.966]     Succeeded. stdout:
    
    added 5 packages, and audited 17 packages in 2s

found 0 vulnerabilities

[16:10:23.966] npm install #1 took: 2050 ms
[16:10:23.966] Installed typings ["@types/reach__router@ts4.3","@types/eslint-scope@ts4.3","@types/prop-types@ts4.3"]
[16:10:23.970] Installed typing files ["/home/lordie/.cache/typescript/4.3/node_modules/@types/reach__router/index.d.ts","/home/lordie/.cache/typescript/4.3/node_modules/@types/eslint-scope/index.d.ts","/home/lordie/.cache/typescript/4.3/node_modules/@types/prop-types/index.d.ts"]
[16:10:23.971] Sending response:
    {"projectName":"/dev/null/inferredProject2*","typeAcquisition":{"enable":true,"include":[],"exclude":[]},"compilerOptions":{"module":1,"target":3,"jsx":1,"allowJs":true,"allowSyntheticDefaultImports":true,"allowNonTsExtensions":true,"noEmitForJsFiles":true,"maxNodeModuleJsDepth":2},"typings":["/home/lordie/Projects/deno_react_auth/client/node_modules/jwt-decode/index.d.ts","/home/lordie/.cache/typescript/4.3/node_modules/@types/react/index.d.ts","/home/lordie/.cache/typescript/4.3/node_modules/@types/react-dom/index.d.ts","/home/lordie/Projects/deno_react_auth/client/node_modules/react-hook-form/dist/index.d.ts","/home/lordie/.cache/typescript/4.3/node_modules/@types/chai/index.d.ts","/home/lordie/Projects/deno_react_auth/client/node_modules/http2-proxy/index.d.ts","/home/lordie/.cache/typescript/4.3/node_modules/@types/prettier/index.d.ts","/home/lordie/Projects/deno_react_auth/client/node_modules/snowpack/lib/index.d.ts","/home/lordie/Projects/deno_react_auth/client/node_modules/typescript/lib/typescript.d.ts","/home/lordie/.cache/typescript/4.3/node_modules/@types/mime-types/index.d.ts","/home/lordie/.cache/typescript/4.3/node_modules/@types/reach__router/index.d.ts","/home/lordie/.cache/typescript/4.3/node_modules/@types/eslint-scope/index.d.ts","/home/lordie/.cache/typescript/4.3/node_modules/@types/prop-types/index.d.ts"],"unresolvedImports":[],"kind":"action::set"}
[16:10:23.971] Response has been sent.
[16:10:23.971] Sending response:
    {"kind":"event::endInstallTypes","eventId":1,"projectName":"/dev/null/inferredProject2*","packagesToInstall":["@types/reach__router@ts4.3","@types/eslint-scope@ts4.3","@types/prop-types@ts4.3"],"installSuccess":true,"typingsInstallerVersion":"4.3.2"}
[16:10:23.971] Response has been sent.
[16:10:24.955] Got install request {"projectName":"/dev/null/inferredProject2*","fileNames":["/home/lordie/Projects/deno_react_auth/client/node_modules/.pnpm/typescript@4.3.2/node_modules/typescript/lib/lib.es5.d.ts","/home/lordie/Projects/deno_react_auth/client/node_modules/.pnpm/typescript@4.3.2/node_modules/typescript/lib/lib.es2015.d.ts","/home/lordie/Projects/deno_react_auth/client/node_modules/.pnpm/typescript@4.3.2/node_modules/typescript/lib/lib.es2016.d.ts","/home/lordie/Projects/deno_react_auth/client/node_modules/.pnpm/typescript@4.3.2/node_modules/typescript/lib/lib.dom.d.ts","/home/lordie/Projects/deno_react_auth/client/node_modules/.pnpm/typescript@4.3.2/node_modules/typescript/lib/lib.dom.iterable.d.ts","/home/lordie/Projects/deno_react_auth/client/node_modules/.pnpm/typescript@4.3.2/node_modules/typescript/lib/lib.webworker.importscripts.d.ts","/home/lordie/Projects/deno_react_auth/client/node_modules/.pnpm/typescript@4.3.2/node_modules/typescript/lib/lib.scripthost.d.ts","/home/lordie/Projects/deno_react_auth/client/node_modules/.pnpm/typescript@4.3.2/node_modules/typescript/lib/lib.es2015.core.d.ts","/home/lordie/Projects/deno_react_auth/client/node_modules/.pnpm/typescript@4.3.2/node_modules/typescript/lib/lib.es2015.collection.d.ts","/home/lordie/Projects/deno_react_auth/client/node_modules/.pnpm/typescript@4.3.2/node_modules/typescript/lib/lib.es2015.generator.d.ts","/home/lordie/Projects/deno_react_auth/client/node_modules/.pnpm/typescript@4.3.2/node_modules/typescript/lib/lib.es2015.iterable.d.ts","/home/lordie/Projects/deno_react_auth/client/node_modules/.pnpm/typescript@4.3.2/node_modules/typescript/lib/lib.es2015.promise.d.ts","/home/lordie/Projects/deno_react_auth/client/node_modules/.pnpm/typescript@4.3.2/node_modules/typescript/lib/lib.es2015.proxy.d.ts","/home/lordie/Projects/deno_react_auth/client/node_modules/.pnpm/typescript@4.3.2/node_modules/typescript/lib/lib.es2015.reflect.d.ts","/home/lordie/Projects/deno_react_auth/client/node_modules/.pnpm/typescript@4.3.2/node_modules/typescript/lib/lib.es2015.symbol.d.ts","/home/lordie/Projects/deno_react_auth/client/node_modules/.pnpm/typescript@4.3.2/node_modules/typescript/lib/lib.es2015.symbol.wellknown.d.ts","/home/lordie/Projects/deno_react_auth/client/node_modules/.pnpm/typescript@4.3.2/node_modules/typescript/lib/lib.es2016.array.include.d.ts","/home/lordie/Projects/deno_react_auth/client/node_modules/.pnpm/typescript@4.3.2/node_modules/typescript/lib/lib.es2016.full.d.ts","/home/lordie/Projects/deno_react_auth/client/snowpack.config.mjs","/home/lordie/.cache/typescript/4.3/node_modules/@types/chai/index.d.ts","/home/lordie/.cache/typescript/4.3/node_modules/@types/eslint-scope/index.d.ts","/home/lordie/.cache/typescript/4.3/node_modules/@types/mime-types/index.d.ts","/home/lordie/.cache/typescript/4.3/node_modules/@types/prettier/index.d.ts","/home/lordie/.cache/typescript/4.3/node_modules/@types/prop-types/index.d.ts","/home/lordie/.cache/typescript/4.3/node_modules/@types/react/global.d.ts","/home/lordie/.cache/typescript/4.3/node_modules/@types/react/index.d.ts","/home/lordie/.cache/typescript/4.3/node_modules/@types/reach__router/index.d.ts","/home/lordie/.cache/typescript/4.3/node_modules/@types/react-dom/index.d.ts","/home/lordie/Projects/deno_react_auth/client/node_modules/http2-proxy/index.d.ts","/home/lordie/Projects/deno_react_auth/client/node_modules/jwt-decode/index.d.ts","/home/lordie/Projects/deno_react_auth/client/node_modules/react-hook-form/dist/index.d.ts","/home/lordie/Projects/deno_react_auth/client/node_modules/snowpack/lib/index.d.ts","/home/lordie/Projects/deno_react_auth/client/node_modules/typescript/lib/typescript.d.ts"],"compilerOptions":{"module":1,"target":3,"jsx":1,"allowJs":true,"allowSyntheticDefaultImports":true,"allowNonTsExtensions":true,"noEmitForJsFiles":true,"maxNodeModuleJsDepth":2},"typeAcquisition":{"enable":true,"include":[],"exclude":[]},"unresolvedImports":[],"projectRootPath":"/home/lordie/Projects/deno_react_auth/client","kind":"discover"}
[16:10:24.956] Explicitly included types: []
[16:10:24.957] Typing names in '/home/lordie/Projects/deno_react_auth/client/package.json' dependencies: ["@emotion/react","@reach/router","jwt-decode","react","react-dom","react-hook-form","@snowpack/plugin-dotenv","@snowpack/plugin-react-refresh","@snowpack/plugin-typescript","@snowpack/plugin-webpack","@snowpack/web-test-runner-plugin","@testing-library/react","@types/chai","@types/mocha","@types/reach__router","@types/react","@types/react-dom","@types/snowpack-env","@web/test-runner","chai","http2-proxy","prettier","snowpack","typescript"]
[16:10:24.961] Searching for typing names in /home/lordie/Projects/deno_react_auth/client/node_modules; all files: ["/home/lordie/Projects/deno_react_auth/client/node_modules/chai/bower.json","/home/lordie/Projects/deno_react_auth/client/node_modules/chai/package.json","/home/lordie/Projects/deno_react_auth/client/node_modules/eslint-scope/package.json","/home/lordie/Projects/deno_react_auth/client/node_modules/http2-proxy/package.json","/home/lordie/Projects/deno_react_auth/client/node_modules/jwt-decode/package.json","/home/lordie/Projects/deno_react_auth/client/node_modules/mime-types/package.json","/home/lordie/Projects/deno_react_auth/client/node_modules/prettier/package.json","/home/lordie/Projects/deno_react_auth/client/node_modules/prop-types/package.json","/home/lordie/Projects/deno_react_auth/client/node_modules/react/build-info.json","/home/lordie/Projects/deno_react_auth/client/node_modules/react/package.json","/home/lordie/Projects/deno_react_auth/client/node_modules/react-dom/build-info.json","/home/lordie/Projects/deno_react_auth/client/node_modules/react-dom/package.json","/home/lordie/Projects/deno_react_auth/client/node_modules/react-hook-form/package.json","/home/lordie/Projects/deno_react_auth/client/node_modules/snowpack/package.json","/home/lordie/Projects/deno_react_auth/client/node_modules/typescript/package.json"]
[16:10:24.972]     Package 'http2-proxy' provides its own types.
[16:10:24.973]     Package 'jwt-decode' provides its own types.
[16:10:24.982]     Package 'react-hook-form' provides its own types.
[16:10:24.983]     Package 'snowpack' provides its own types.
[16:10:24.986]     Package 'typescript' provides its own types.
[16:10:24.986]     Found package names: ["chai","chai","eslint-scope","mime-types","prettier","prop-types","react","react-dom"]
[16:10:24.986] Inferred typings from unresolved imports: []
[16:10:24.986] Result: {"cachedTypingPaths":["/home/lordie/Projects/deno_react_auth/client/node_modules/jwt-decode/index.d.ts","/home/lordie/.cache/typescript/4.3/node_modules/@types/react/index.d.ts","/home/lordie/.cache/typescript/4.3/node_modules/@types/react-dom/index.d.ts","/home/lordie/Projects/deno_react_auth/client/node_modules/react-hook-form/dist/index.d.ts","/home/lordie/.cache/typescript/4.3/node_modules/@types/chai/index.d.ts","/home/lordie/Projects/deno_react_auth/client/node_modules/http2-proxy/index.d.ts","/home/lordie/.cache/typescript/4.3/node_modules/@types/prettier/index.d.ts","/home/lordie/Projects/deno_react_auth/client/node_modules/snowpack/lib/index.d.ts","/home/lordie/Projects/deno_react_auth/client/node_modules/typescript/lib/typescript.d.ts","/home/lordie/.cache/typescript/4.3/node_modules/@types/eslint-scope/index.d.ts","/home/lordie/.cache/typescript/4.3/node_modules/@types/mime-types/index.d.ts","/home/lordie/.cache/typescript/4.3/node_modules/@types/prop-types/index.d.ts"],"newTypingNames":["@emotion/react","@reach/router","@snowpack/plugin-dotenv","@snowpack/plugin-react-refresh","@snowpack/plugin-typescript","@snowpack/plugin-webpack","@snowpack/web-test-runner-plugin","@testing-library/react","@types/chai","@types/mocha","@types/reach__router","@types/react","@types/react-dom","@types/snowpack-env","@web/test-runner"],"filesToWatch":["/home/lordie/Projects/deno_react_auth/client/package.json","/home/lordie/Projects/deno_react_auth/client/bower_components","/home/lordie/Projects/deno_react_auth/client/node_modules"]}
[16:10:24.986] Finished typings discovery: {"cachedTypingPaths":["/home/lordie/Projects/deno_react_auth/client/node_modules/jwt-decode/index.d.ts","/home/lordie/.cache/typescript/4.3/node_modules/@types/react/index.d.ts","/home/lordie/.cache/typescript/4.3/node_modules/@types/react-dom/index.d.ts","/home/lordie/Projects/deno_react_auth/client/node_modules/react-hook-form/dist/index.d.ts","/home/lordie/.cache/typescript/4.3/node_modules/@types/chai/index.d.ts","/home/lordie/Projects/deno_react_auth/client/node_modules/http2-proxy/index.d.ts","/home/lordie/.cache/typescript/4.3/node_modules/@types/prettier/index.d.ts","/home/lordie/Projects/deno_react_auth/client/node_modules/snowpack/lib/index.d.ts","/home/lordie/Projects/deno_react_auth/client/node_modules/typescript/lib/typescript.d.ts","/home/lordie/.cache/typescript/4.3/node_modules/@types/eslint-scope/index.d.ts","/home/lordie/.cache/typescript/4.3/node_modules/@types/mime-types/index.d.ts","/home/lordie/.cache/typescript/4.3/node_modules/@types/prop-types/index.d.ts"],"newTypingNames":["@emotion/react","@reach/router","@snowpack/plugin-dotenv","@snowpack/plugin-react-refresh","@snowpack/plugin-typescript","@snowpack/plugin-webpack","@snowpack/web-test-runner-plugin","@testing-library/react","@types/chai","@types/mocha","@types/reach__router","@types/react","@types/react-dom","@types/snowpack-env","@web/test-runner"],"filesToWatch":["/home/lordie/Projects/deno_react_auth/client/package.json","/home/lordie/Projects/deno_react_auth/client/bower_components","/home/lordie/Projects/deno_react_auth/client/node_modules"]}
[16:10:24.987] Installing typings ["@emotion/react","@reach/router","@snowpack/plugin-dotenv","@snowpack/plugin-react-refresh","@snowpack/plugin-typescript","@snowpack/plugin-webpack","@snowpack/web-test-runner-plugin","@testing-library/react","@types/chai","@types/mocha","@types/reach__router","@types/react","@types/react-dom","@types/snowpack-env","@web/test-runner"]
[16:10:24.987] '@emotion/react':: Entry for package 'emotion__react' does not exist in local types registry - skipping...
[16:10:24.987] '@reach/router':: 'reach__router' already has an up-to-date typing - skipping...
[16:10:24.987] '@snowpack/plugin-dotenv':: Entry for package 'snowpack__plugin-dotenv' does not exist in local types registry - skipping...
[16:10:24.987] '@snowpack/plugin-react-refresh':: Entry for package 'snowpack__plugin-react-refresh' does not exist in local types registry - skipping...
[16:10:24.987] '@snowpack/plugin-typescript':: Entry for package 'snowpack__plugin-typescript' does not exist in local types registry - skipping...
[16:10:24.987] '@snowpack/plugin-webpack':: Entry for package 'snowpack__plugin-webpack' does not exist in local types registry - skipping...
[16:10:24.987] '@snowpack/web-test-runner-plugin':: Entry for package 'snowpack__web-test-runner-plugin' does not exist in local types registry - skipping...
[16:10:24.987] '@testing-library/react':: Entry for package 'testing-library__react' does not exist in local types registry - skipping...
[16:10:24.987] '@types/chai':: Entry for package 'types__chai' does not exist in local types registry - skipping...
[16:10:24.987] '@types/mocha':: Entry for package 'types__mocha' does not exist in local types registry - skipping...
[16:10:24.987] '@types/reach__router':: Entry for package 'types__reach__router' does not exist in local types registry - skipping...
[16:10:24.987] '@types/react':: Entry for package 'types__react' does not exist in local types registry - skipping...
[16:10:24.987] '@types/react-dom':: Entry for package 'types__react-dom' does not exist in local types registry - skipping...
[16:10:24.987] '@types/snowpack-env':: Entry for package 'types__snowpack-env' does not exist in local types registry - skipping...
[16:10:24.987] '@web/test-runner':: Entry for package 'web__test-runner' does not exist in local types registry - skipping...
[16:10:24.987] All typings are known to be missing or invalid - no need to install more typings
[16:10:24.987] Sending response:
    {"projectName":"/dev/null/inferredProject2*","typeAcquisition":{"enable":true,"include":[],"exclude":[]},"compilerOptions":{"module":1,"target":3,"jsx":1,"allowJs":true,"allowSyntheticDefaultImports":true,"allowNonTsExtensions":true,"noEmitForJsFiles":true,"maxNodeModuleJsDepth":2},"typings":["/home/lordie/Projects/deno_react_auth/client/node_modules/jwt-decode/index.d.ts","/home/lordie/.cache/typescript/4.3/node_modules/@types/react/index.d.ts","/home/lordie/.cache/typescript/4.3/node_modules/@types/react-dom/index.d.ts","/home/lordie/Projects/deno_react_auth/client/node_modules/react-hook-form/dist/index.d.ts","/home/lordie/.cache/typescript/4.3/node_modules/@types/chai/index.d.ts","/home/lordie/Projects/deno_react_auth/client/node_modules/http2-proxy/index.d.ts","/home/lordie/.cache/typescript/4.3/node_modules/@types/prettier/index.d.ts","/home/lordie/Projects/deno_react_auth/client/node_modules/snowpack/lib/index.d.ts","/home/lordie/Projects/deno_react_auth/client/node_modules/typescript/lib/typescript.d.ts","/home/lordie/.cache/typescript/4.3/node_modules/@types/eslint-scope/index.d.ts","/home/lordie/.cache/typescript/4.3/node_modules/@types/mime-types/index.d.ts","/home/lordie/.cache/typescript/4.3/node_modules/@types/prop-types/index.d.ts"],"unresolvedImports":[],"kind":"action::set"}
[16:10:24.987] Response has been sent.
[16:10:25.374] Got install request {"projectName":"/dev/null/inferredProject2*","fileNames":["/home/lordie/Projects/deno_react_auth/client/node_modules/.pnpm/typescript@4.3.2/node_modules/typescript/lib/lib.es5.d.ts","/home/lordie/Projects/deno_react_auth/client/node_modules/.pnpm/typescript@4.3.2/node_modules/typescript/lib/lib.es2015.d.ts","/home/lordie/Projects/deno_react_auth/client/node_modules/.pnpm/typescript@4.3.2/node_modules/typescript/lib/lib.es2016.d.ts","/home/lordie/Projects/deno_react_auth/client/node_modules/.pnpm/typescript@4.3.2/node_modules/typescript/lib/lib.dom.d.ts","/home/lordie/Projects/deno_react_auth/client/node_modules/.pnpm/typescript@4.3.2/node_modules/typescript/lib/lib.dom.iterable.d.ts","/home/lordie/Projects/deno_react_auth/client/node_modules/.pnpm/typescript@4.3.2/node_modules/typescript/lib/lib.webworker.importscripts.d.ts","/home/lordie/Projects/deno_react_auth/client/node_modules/.pnpm/typescript@4.3.2/node_modules/typescript/lib/lib.scripthost.d.ts","/home/lordie/Projects/deno_react_auth/client/node_modules/.pnpm/typescript@4.3.2/node_modules/typescript/lib/lib.es2015.core.d.ts","/home/lordie/Projects/deno_react_auth/client/node_modules/.pnpm/typescript@4.3.2/node_modules/typescript/lib/lib.es2015.collection.d.ts","/home/lordie/Projects/deno_react_auth/client/node_modules/.pnpm/typescript@4.3.2/node_modules/typescript/lib/lib.es2015.generator.d.ts","/home/lordie/Projects/deno_react_auth/client/node_modules/.pnpm/typescript@4.3.2/node_modules/typescript/lib/lib.es2015.iterable.d.ts","/home/lordie/Projects/deno_react_auth/client/node_modules/.pnpm/typescript@4.3.2/node_modules/typescript/lib/lib.es2015.promise.d.ts","/home/lordie/Projects/deno_react_auth/client/node_modules/.pnpm/typescript@4.3.2/node_modules/typescript/lib/lib.es2015.proxy.d.ts","/home/lordie/Projects/deno_react_auth/client/node_modules/.pnpm/typescript@4.3.2/node_modules/typescript/lib/lib.es2015.reflect.d.ts","/home/lordie/Projects/deno_react_auth/client/node_modules/.pnpm/typescript@4.3.2/node_modules/typescript/lib/lib.es2015.symbol.d.ts","/home/lordie/Projects/deno_react_auth/client/node_modules/.pnpm/typescript@4.3.2/node_modules/typescript/lib/lib.es2015.symbol.wellknown.d.ts","/home/lordie/Projects/deno_react_auth/client/node_modules/.pnpm/typescript@4.3.2/node_modules/typescript/lib/lib.es2016.array.include.d.ts","/home/lordie/Projects/deno_react_auth/client/node_modules/.pnpm/typescript@4.3.2/node_modules/typescript/lib/lib.es2016.full.d.ts","/home/lordie/Projects/deno_react_auth/client/snowpack.config.mjs","/home/lordie/.cache/typescript/4.3/node_modules/@types/chai/index.d.ts","/home/lordie/.cache/typescript/4.3/node_modules/@types/eslint-scope/index.d.ts","/home/lordie/.cache/typescript/4.3/node_modules/@types/mime-types/index.d.ts","/home/lordie/.cache/typescript/4.3/node_modules/@types/prettier/index.d.ts","/home/lordie/.cache/typescript/4.3/node_modules/@types/prop-types/index.d.ts","/home/lordie/.cache/typescript/4.3/node_modules/@types/react/global.d.ts","/home/lordie/.cache/typescript/4.3/node_modules/@types/react/index.d.ts","/home/lordie/.cache/typescript/4.3/node_modules/@types/react-dom/index.d.ts","/home/lordie/Projects/deno_react_auth/client/node_modules/http2-proxy/index.d.ts","/home/lordie/Projects/deno_react_auth/client/node_modules/jwt-decode/index.d.ts","/home/lordie/Projects/deno_react_auth/client/node_modules/react-hook-form/dist/index.d.ts","/home/lordie/Projects/deno_react_auth/client/node_modules/snowpack/lib/index.d.ts","/home/lordie/Projects/deno_react_auth/client/node_modules/typescript/lib/typescript.d.ts"],"compilerOptions":{"module":1,"target":3,"jsx":1,"allowJs":true,"allowSyntheticDefaultImports":true,"allowNonTsExtensions":true,"noEmitForJsFiles":true,"maxNodeModuleJsDepth":2},"typeAcquisition":{"enable":true,"include":[],"exclude":[]},"unresolvedImports":[],"projectRootPath":"/home/lordie/Projects/deno_react_auth/client","kind":"discover"}
[16:10:25.375] Explicitly included types: []
[16:10:25.376] Typing names in '/home/lordie/Projects/deno_react_auth/client/package.json' dependencies: ["@emotion/react","@reach/router","jwt-decode","react","react-dom","react-hook-form","@snowpack/plugin-dotenv","@snowpack/plugin-react-refresh","@snowpack/plugin-typescript","@snowpack/plugin-webpack","@snowpack/web-test-runner-plugin","@testing-library/react","@types/chai","@types/mocha","@types/reach__router","@types/react","@types/react-dom","@types/snowpack-env","@web/test-runner","chai","http2-proxy","prettier","snowpack","typescript"]
[16:10:25.382] Searching for typing names in /home/lordie/Projects/deno_react_auth/client/node_modules; all files: ["/home/lordie/Projects/deno_react_auth/client/node_modules/chai/bower.json","/home/lordie/Projects/deno_react_auth/client/node_modules/chai/package.json","/home/lordie/Projects/deno_react_auth/client/node_modules/eslint-scope/package.json","/home/lordie/Projects/deno_react_auth/client/node_modules/http2-proxy/package.json","/home/lordie/Projects/deno_react_auth/client/node_modules/jwt-decode/package.json","/home/lordie/Projects/deno_react_auth/client/node_modules/mime-types/package.json","/home/lordie/Projects/deno_react_auth/client/node_modules/prettier/package.json","/home/lordie/Projects/deno_react_auth/client/node_modules/prop-types/package.json","/home/lordie/Projects/deno_react_auth/client/node_modules/react/build-info.json","/home/lordie/Projects/deno_react_auth/client/node_modules/react/package.json","/home/lordie/Projects/deno_react_auth/client/node_modules/react-dom/build-info.json","/home/lordie/Projects/deno_react_auth/client/node_modules/react-dom/package.json","/home/lordie/Projects/deno_react_auth/client/node_modules/react-hook-form/package.json","/home/lordie/Projects/deno_react_auth/client/node_modules/snowpack/package.json","/home/lordie/Projects/deno_react_auth/client/node_modules/typescript/package.json"]
[16:10:25.384]     Package 'http2-proxy' provides its own types.
[16:10:25.385]     Package 'jwt-decode' provides its own types.
[16:10:25.389]     Package 'react-hook-form' provides its own types.
[16:10:25.394]     Package 'snowpack' provides its own types.
[16:10:25.396]     Package 'typescript' provides its own types.
[16:10:25.396]     Found package names: ["chai","chai","eslint-scope","mime-types","prettier","prop-types","react","react-dom"]
[16:10:25.396] Inferred typings from unresolved imports: []
[16:10:25.396] Result: {"cachedTypingPaths":["/home/lordie/Projects/deno_react_auth/client/node_modules/jwt-decode/index.d.ts","/home/lordie/.cache/typescript/4.3/node_modules/@types/react/index.d.ts","/home/lordie/.cache/typescript/4.3/node_modules/@types/react-dom/index.d.ts","/home/lordie/Projects/deno_react_auth/client/node_modules/react-hook-form/dist/index.d.ts","/home/lordie/.cache/typescript/4.3/node_modules/@types/chai/index.d.ts","/home/lordie/Projects/deno_react_auth/client/node_modules/http2-proxy/index.d.ts","/home/lordie/.cache/typescript/4.3/node_modules/@types/prettier/index.d.ts","/home/lordie/Projects/deno_react_auth/client/node_modules/snowpack/lib/index.d.ts","/home/lordie/Projects/deno_react_auth/client/node_modules/typescript/lib/typescript.d.ts","/home/lordie/.cache/typescript/4.3/node_modules/@types/eslint-scope/index.d.ts","/home/lordie/.cache/typescript/4.3/node_modules/@types/mime-types/index.d.ts","/home/lordie/.cache/typescript/4.3/node_modules/@types/prop-types/index.d.ts"],"newTypingNames":["@emotion/react","@reach/router","@snowpack/plugin-dotenv","@snowpack/plugin-react-refresh","@snowpack/plugin-typescript","@snowpack/plugin-webpack","@snowpack/web-test-runner-plugin","@testing-library/react","@types/chai","@types/mocha","@types/reach__router","@types/react","@types/react-dom","@types/snowpack-env","@web/test-runner"],"filesToWatch":["/home/lordie/Projects/deno_react_auth/client/package.json","/home/lordie/Projects/deno_react_auth/client/bower_components","/home/lordie/Projects/deno_react_auth/client/node_modules"]}
[16:10:25.396] Finished typings discovery: {"cachedTypingPaths":["/home/lordie/Projects/deno_react_auth/client/node_modules/jwt-decode/index.d.ts","/home/lordie/.cache/typescript/4.3/node_modules/@types/react/index.d.ts","/home/lordie/.cache/typescript/4.3/node_modules/@types/react-dom/index.d.ts","/home/lordie/Projects/deno_react_auth/client/node_modules/react-hook-form/dist/index.d.ts","/home/lordie/.cache/typescript/4.3/node_modules/@types/chai/index.d.ts","/home/lordie/Projects/deno_react_auth/client/node_modules/http2-proxy/index.d.ts","/home/lordie/.cache/typescript/4.3/node_modules/@types/prettier/index.d.ts","/home/lordie/Projects/deno_react_auth/client/node_modules/snowpack/lib/index.d.ts","/home/lordie/Projects/deno_react_auth/client/node_modules/typescript/lib/typescript.d.ts","/home/lordie/.cache/typescript/4.3/node_modules/@types/eslint-scope/index.d.ts","/home/lordie/.cache/typescript/4.3/node_modules/@types/mime-types/index.d.ts","/home/lordie/.cache/typescript/4.3/node_modules/@types/prop-types/index.d.ts"],"newTypingNames":["@emotion/react","@reach/router","@snowpack/plugin-dotenv","@snowpack/plugin-react-refresh","@snowpack/plugin-typescript","@snowpack/plugin-webpack","@snowpack/web-test-runner-plugin","@testing-library/react","@types/chai","@types/mocha","@types/reach__router","@types/react","@types/react-dom","@types/snowpack-env","@web/test-runner"],"filesToWatch":["/home/lordie/Projects/deno_react_auth/client/package.json","/home/lordie/Projects/deno_react_auth/client/bower_components","/home/lordie/Projects/deno_react_auth/client/node_modules"]}
[16:10:25.396] Installing typings ["@emotion/react","@reach/router","@snowpack/plugin-dotenv","@snowpack/plugin-react-refresh","@snowpack/plugin-typescript","@snowpack/plugin-webpack","@snowpack/web-test-runner-plugin","@testing-library/react","@types/chai","@types/mocha","@types/reach__router","@types/react","@types/react-dom","@types/snowpack-env","@web/test-runner"]
[16:10:25.396] '@emotion/react':: Entry for package 'emotion__react' does not exist in local types registry - skipping...
[16:10:25.397] '@reach/router':: 'reach__router' already has an up-to-date typing - skipping...
[16:10:25.397] '@snowpack/plugin-dotenv':: Entry for package 'snowpack__plugin-dotenv' does not exist in local types registry - skipping...
[16:10:25.397] '@snowpack/plugin-react-refresh':: Entry for package 'snowpack__plugin-react-refresh' does not exist in local types registry - skipping...
[16:10:25.397] '@snowpack/plugin-typescript':: Entry for package 'snowpack__plugin-typescript' does not exist in local types registry - skipping...
[16:10:25.397] '@snowpack/plugin-webpack':: Entry for package 'snowpack__plugin-webpack' does not exist in local types registry - skipping...
[16:10:25.397] '@snowpack/web-test-runner-plugin':: Entry for package 'snowpack__web-test-runner-plugin' does not exist in local types registry - skipping...
[16:10:25.397] '@testing-library/react':: Entry for package 'testing-library__react' does not exist in local types registry - skipping...
[16:10:25.397] '@types/chai':: Entry for package 'types__chai' does not exist in local types registry - skipping...
[16:10:25.397] '@types/mocha':: Entry for package 'types__mocha' does not exist in local types registry - skipping...
[16:10:25.397] '@types/reach__router':: Entry for package 'types__reach__router' does not exist in local types registry - skipping...
[16:10:25.397] '@types/react':: Entry for package 'types__react' does not exist in local types registry - skipping...
[16:10:25.397] '@types/react-dom':: Entry for package 'types__react-dom' does not exist in local types registry - skipping...
[16:10:25.397] '@types/snowpack-env':: Entry for package 'types__snowpack-env' does not exist in local types registry - skipping...
[16:10:25.397] '@web/test-runner':: Entry for package 'web__test-runner' does not exist in local types registry - skipping...
[16:10:25.397] All typings are known to be missing or invalid - no need to install more typings
[16:10:25.397] Sending response:
    {"projectName":"/dev/null/inferredProject2*","typeAcquisition":{"enable":true,"include":[],"exclude":[]},"compilerOptions":{"module":1,"target":3,"jsx":1,"allowJs":true,"allowSyntheticDefaultImports":true,"allowNonTsExtensions":true,"noEmitForJsFiles":true,"maxNodeModuleJsDepth":2},"typings":["/home/lordie/Projects/deno_react_auth/client/node_modules/jwt-decode/index.d.ts","/home/lordie/.cache/typescript/4.3/node_modules/@types/react/index.d.ts","/home/lordie/.cache/typescript/4.3/node_modules/@types/react-dom/index.d.ts","/home/lordie/Projects/deno_react_auth/client/node_modules/react-hook-form/dist/index.d.ts","/home/lordie/.cache/typescript/4.3/node_modules/@types/chai/index.d.ts","/home/lordie/Projects/deno_react_auth/client/node_modules/http2-proxy/index.d.ts","/home/lordie/.cache/typescript/4.3/node_modules/@types/prettier/index.d.ts","/home/lordie/Projects/deno_react_auth/client/node_modules/snowpack/lib/index.d.ts","/home/lordie/Projects/deno_react_auth/client/node_modules/typescript/lib/typescript.d.ts","/home/lordie/.cache/typescript/4.3/node_modules/@types/eslint-scope/index.d.ts","/home/lordie/.cache/typescript/4.3/node_modules/@types/mime-types/index.d.ts","/home/lordie/.cache/typescript/4.3/node_modules/@types/prop-types/index.d.ts"],"unresolvedImports":[],"kind":"action::set"}
[16:10:25.397] Response has been sent.
[16:15:35.253] Got install request {"projectName":"/dev/null/inferredProject2*","fileNames":["/home/lordie/Projects/deno_react_auth/client/node_modules/.pnpm/typescript@4.3.2/node_modules/typescript/lib/lib.es5.d.ts","/home/lordie/Projects/deno_react_auth/client/node_modules/.pnpm/typescript@4.3.2/node_modules/typescript/lib/lib.es2015.d.ts","/home/lordie/Projects/deno_react_auth/client/node_modules/.pnpm/typescript@4.3.2/node_modules/typescript/lib/lib.es2016.d.ts","/home/lordie/Projects/deno_react_auth/client/node_modules/.pnpm/typescript@4.3.2/node_modules/typescript/lib/lib.dom.d.ts","/home/lordie/Projects/deno_react_auth/client/node_modules/.pnpm/typescript@4.3.2/node_modules/typescript/lib/lib.dom.iterable.d.ts","/home/lordie/Projects/deno_react_auth/client/node_modules/.pnpm/typescript@4.3.2/node_modules/typescript/lib/lib.webworker.importscripts.d.ts","/home/lordie/Projects/deno_react_auth/client/node_modules/.pnpm/typescript@4.3.2/node_modules/typescript/lib/lib.scripthost.d.ts","/home/lordie/Projects/deno_react_auth/client/node_modules/.pnpm/typescript@4.3.2/node_modules/typescript/lib/lib.es2015.core.d.ts","/home/lordie/Projects/deno_react_auth/client/node_modules/.pnpm/typescript@4.3.2/node_modules/typescript/lib/lib.es2015.collection.d.ts","/home/lordie/Projects/deno_react_auth/client/node_modules/.pnpm/typescript@4.3.2/node_modules/typescript/lib/lib.es2015.generator.d.ts","/home/lordie/Projects/deno_react_auth/client/node_modules/.pnpm/typescript@4.3.2/node_modules/typescript/lib/lib.es2015.iterable.d.ts","/home/lordie/Projects/deno_react_auth/client/node_modules/.pnpm/typescript@4.3.2/node_modules/typescript/lib/lib.es2015.promise.d.ts","/home/lordie/Projects/deno_react_auth/client/node_modules/.pnpm/typescript@4.3.2/node_modules/typescript/lib/lib.es2015.proxy.d.ts","/home/lordie/Projects/deno_react_auth/client/node_modules/.pnpm/typescript@4.3.2/node_modules/typescript/lib/lib.es2015.reflect.d.ts","/home/lordie/Projects/deno_react_auth/client/node_modules/.pnpm/typescript@4.3.2/node_modules/typescript/lib/lib.es2015.symbol.d.ts","/home/lordie/Projects/deno_react_auth/client/node_modules/.pnpm/typescript@4.3.2/node_modules/typescript/lib/lib.es2015.symbol.wellknown.d.ts","/home/lordie/Projects/deno_react_auth/client/node_modules/.pnpm/typescript@4.3.2/node_modules/typescript/lib/lib.es2016.array.include.d.ts","/home/lordie/Projects/deno_react_auth/client/node_modules/.pnpm/typescript@4.3.2/node_modules/typescript/lib/lib.es2016.full.d.ts","/home/lordie/Projects/deno_react_auth/client/snowpack.config.mjs","/home/lordie/.cache/typescript/4.3/node_modules/@types/chai/index.d.ts","/home/lordie/.cache/typescript/4.3/node_modules/@types/eslint-scope/index.d.ts","/home/lordie/.cache/typescript/4.3/node_modules/@types/mime-types/index.d.ts","/home/lordie/.cache/typescript/4.3/node_modules/@types/prettier/index.d.ts","/home/lordie/.cache/typescript/4.3/node_modules/@types/prop-types/index.d.ts","/home/lordie/.cache/typescript/4.3/node_modules/@types/react/global.d.ts","/home/lordie/.cache/typescript/4.3/node_modules/@types/react/index.d.ts","/home/lordie/.cache/typescript/4.3/node_modules/@types/react-dom/index.d.ts","/home/lordie/Projects/deno_react_auth/client/node_modules/http2-proxy/index.d.ts","/home/lordie/Projects/deno_react_auth/client/node_modules/jwt-decode/index.d.ts","/home/lordie/Projects/deno_react_auth/client/node_modules/react-hook-form/dist/index.d.ts","/home/lordie/Projects/deno_react_auth/client/node_modules/snowpack/lib/index.d.ts","/home/lordie/Projects/deno_react_auth/client/node_modules/typescript/lib/typescript.d.ts"],"compilerOptions":{"module":1,"target":3,"jsx":1,"allowJs":true,"allowSyntheticDefaultImports":true,"allowNonTsExtensions":true,"noEmitForJsFiles":true,"maxNodeModuleJsDepth":2},"typeAcquisition":{"enable":true,"include":[],"exclude":[]},"unresolvedImports":[],"projectRootPath":"/home/lordie/Projects/deno_react_auth/client","kind":"discover"}
[16:15:35.253] Explicitly included types: []
[16:15:35.254] Typing names in '/home/lordie/Projects/deno_react_auth/client/package.json' dependencies: ["@emotion/react","@reach/router","jwt-decode","react","react-dom","react-hook-form","@snowpack/plugin-dotenv","@snowpack/plugin-react-refresh","@snowpack/plugin-typescript","@snowpack/plugin-webpack","@snowpack/web-test-runner-plugin","@testing-library/react","@types/chai","@types/mocha","@types/reach__router","@types/react","@types/react-dom","@types/snowpack-env","@web/test-runner","chai","http2-proxy","prettier","snowpack","typescript"]
[16:15:35.258] Searching for typing names in /home/lordie/Projects/deno_react_auth/client/node_modules; all files: ["/home/lordie/Projects/deno_react_auth/client/node_modules/chai/bower.json","/home/lordie/Projects/deno_react_auth/client/node_modules/chai/package.json","/home/lordie/Projects/deno_react_auth/client/node_modules/eslint-scope/package.json","/home/lordie/Projects/deno_react_auth/client/node_modules/http2-proxy/package.json","/home/lordie/Projects/deno_react_auth/client/node_modules/jwt-decode/package.json","/home/lordie/Projects/deno_react_auth/client/node_modules/mime-types/package.json","/home/lordie/Projects/deno_react_auth/client/node_modules/prettier/package.json","/home/lordie/Projects/deno_react_auth/client/node_modules/prop-types/package.json","/home/lordie/Projects/deno_react_auth/client/node_modules/react/build-info.json","/home/lordie/Projects/deno_react_auth/client/node_modules/react/package.json","/home/lordie/Projects/deno_react_auth/client/node_modules/react-dom/build-info.json","/home/lordie/Projects/deno_react_auth/client/node_modules/react-dom/package.json","/home/lordie/Projects/deno_react_auth/client/node_modules/react-hook-form/package.json","/home/lordie/Projects/deno_react_auth/client/node_modules/snowpack/package.json","/home/lordie/Projects/deno_react_auth/client/node_modules/typescript/package.json"]
[16:15:35.260]     Package 'http2-proxy' provides its own types.
[16:15:35.261]     Package 'jwt-decode' provides its own types.
[16:15:35.267]     Package 'react-hook-form' provides its own types.
[16:15:35.269]     Package 'snowpack' provides its own types.
[16:15:35.271]     Package 'typescript' provides its own types.
[16:15:35.271]     Found package names: ["chai","chai","eslint-scope","mime-types","prettier","prop-types","react","react-dom"]
[16:15:35.271] Inferred typings from unresolved imports: []
[16:15:35.272] Result: {"cachedTypingPaths":["/home/lordie/Projects/deno_react_auth/client/node_modules/jwt-decode/index.d.ts","/home/lordie/.cache/typescript/4.3/node_modules/@types/react/index.d.ts","/home/lordie/.cache/typescript/4.3/node_modules/@types/react-dom/index.d.ts","/home/lordie/Projects/deno_react_auth/client/node_modules/react-hook-form/dist/index.d.ts","/home/lordie/.cache/typescript/4.3/node_modules/@types/chai/index.d.ts","/home/lordie/Projects/deno_react_auth/client/node_modules/http2-proxy/index.d.ts","/home/lordie/.cache/typescript/4.3/node_modules/@types/prettier/index.d.ts","/home/lordie/Projects/deno_react_auth/client/node_modules/snowpack/lib/index.d.ts","/home/lordie/Projects/deno_react_auth/client/node_modules/typescript/lib/typescript.d.ts","/home/lordie/.cache/typescript/4.3/node_modules/@types/eslint-scope/index.d.ts","/home/lordie/.cache/typescript/4.3/node_modules/@types/mime-types/index.d.ts","/home/lordie/.cache/typescript/4.3/node_modules/@types/prop-types/index.d.ts"],"newTypingNames":["@emotion/react","@reach/router","@snowpack/plugin-dotenv","@snowpack/plugin-react-refresh","@snowpack/plugin-typescript","@snowpack/plugin-webpack","@snowpack/web-test-runner-plugin","@testing-library/react","@types/chai","@types/mocha","@types/reach__router","@types/react","@types/react-dom","@types/snowpack-env","@web/test-runner"],"filesToWatch":["/home/lordie/Projects/deno_react_auth/client/package.json","/home/lordie/Projects/deno_react_auth/client/bower_components","/home/lordie/Projects/deno_react_auth/client/node_modules"]}
[16:15:35.272] Finished typings discovery: {"cachedTypingPaths":["/home/lordie/Projects/deno_react_auth/client/node_modules/jwt-decode/index.d.ts","/home/lordie/.cache/typescript/4.3/node_modules/@types/react/index.d.ts","/home/lordie/.cache/typescript/4.3/node_modules/@types/react-dom/index.d.ts","/home/lordie/Projects/deno_react_auth/client/node_modules/react-hook-form/dist/index.d.ts","/home/lordie/.cache/typescript/4.3/node_modules/@types/chai/index.d.ts","/home/lordie/Projects/deno_react_auth/client/node_modules/http2-proxy/index.d.ts","/home/lordie/.cache/typescript/4.3/node_modules/@types/prettier/index.d.ts","/home/lordie/Projects/deno_react_auth/client/node_modules/snowpack/lib/index.d.ts","/home/lordie/Projects/deno_react_auth/client/node_modules/typescript/lib/typescript.d.ts","/home/lordie/.cache/typescript/4.3/node_modules/@types/eslint-scope/index.d.ts","/home/lordie/.cache/typescript/4.3/node_modules/@types/mime-types/index.d.ts","/home/lordie/.cache/typescript/4.3/node_modules/@types/prop-types/index.d.ts"],"newTypingNames":["@emotion/react","@reach/router","@snowpack/plugin-dotenv","@snowpack/plugin-react-refresh","@snowpack/plugin-typescript","@snowpack/plugin-webpack","@snowpack/web-test-runner-plugin","@testing-library/react","@types/chai","@types/mocha","@types/reach__router","@types/react","@types/react-dom","@types/snowpack-env","@web/test-runner"],"filesToWatch":["/home/lordie/Projects/deno_react_auth/client/package.json","/home/lordie/Projects/deno_react_auth/client/bower_components","/home/lordie/Projects/deno_react_auth/client/node_modules"]}
[16:15:35.272] Installing typings ["@emotion/react","@reach/router","@snowpack/plugin-dotenv","@snowpack/plugin-react-refresh","@snowpack/plugin-typescript","@snowpack/plugin-webpack","@snowpack/web-test-runner-plugin","@testing-library/react","@types/chai","@types/mocha","@types/reach__router","@types/react","@types/react-dom","@types/snowpack-env","@web/test-runner"]
[16:15:35.272] '@emotion/react':: Entry for package 'emotion__react' does not exist in local types registry - skipping...
[16:15:35.272] '@reach/router':: 'reach__router' already has an up-to-date typing - skipping...
[16:15:35.272] '@snowpack/plugin-dotenv':: Entry for package 'snowpack__plugin-dotenv' does not exist in local types registry - skipping...
[16:15:35.272] '@snowpack/plugin-react-refresh':: Entry for package 'snowpack__plugin-react-refresh' does not exist in local types registry - skipping...
[16:15:35.272] '@snowpack/plugin-typescript':: Entry for package 'snowpack__plugin-typescript' does not exist in local types registry - skipping...
[16:15:35.272] '@snowpack/plugin-webpack':: Entry for package 'snowpack__plugin-webpack' does not exist in local types registry - skipping...
[16:15:35.272] '@snowpack/web-test-runner-plugin':: Entry for package 'snowpack__web-test-runner-plugin' does not exist in local types registry - skipping...
[16:15:35.272] '@testing-library/react':: Entry for package 'testing-library__react' does not exist in local types registry - skipping...
[16:15:35.272] '@types/chai':: Entry for package 'types__chai' does not exist in local types registry - skipping...
[16:15:35.272] '@types/mocha':: Entry for package 'types__mocha' does not exist in local types registry - skipping...
[16:15:35.272] '@types/reach__router':: Entry for package 'types__reach__router' does not exist in local types registry - skipping...
[16:15:35.272] '@types/react':: Entry for package 'types__react' does not exist in local types registry - skipping...
[16:15:35.272] '@types/react-dom':: Entry for package 'types__react-dom' does not exist in local types registry - skipping...
[16:15:35.273] '@types/snowpack-env':: Entry for package 'types__snowpack-env' does not exist in local types registry - skipping...
[16:15:35.273] '@web/test-runner':: Entry for package 'web__test-runner' does not exist in local types registry - skipping...
[16:15:35.273] All typings are known to be missing or invalid - no need to install more typings
[16:15:35.273] Sending response:
    {"projectName":"/dev/null/inferredProject2*","typeAcquisition":{"enable":true,"include":[],"exclude":[]},"compilerOptions":{"module":1,"target":3,"jsx":1,"allowJs":true,"allowSyntheticDefaultImports":true,"allowNonTsExtensions":true,"noEmitForJsFiles":true,"maxNodeModuleJsDepth":2},"typings":["/home/lordie/Projects/deno_react_auth/client/node_modules/jwt-decode/index.d.ts","/home/lordie/.cache/typescript/4.3/node_modules/@types/react/index.d.ts","/home/lordie/.cache/typescript/4.3/node_modules/@types/react-dom/index.d.ts","/home/lordie/Projects/deno_react_auth/client/node_modules/react-hook-form/dist/index.d.ts","/home/lordie/.cache/typescript/4.3/node_modules/@types/chai/index.d.ts","/home/lordie/Projects/deno_react_auth/client/node_modules/http2-proxy/index.d.ts","/home/lordie/.cache/typescript/4.3/node_modules/@types/prettier/index.d.ts","/home/lordie/Projects/deno_react_auth/client/node_modules/snowpack/lib/index.d.ts","/home/lordie/Projects/deno_react_auth/client/node_modules/typescript/lib/typescript.d.ts","/home/lordie/.cache/typescript/4.3/node_modules/@types/eslint-scope/index.d.ts","/home/lordie/.cache/typescript/4.3/node_modules/@types/mime-types/index.d.ts","/home/lordie/.cache/typescript/4.3/node_modules/@types/prop-types/index.d.ts"],"unresolvedImports":[],"kind":"action::set"}
[16:15:35.273] Response has been sent.
[16:18:23.376] Got install request {"projectName":"/dev/null/inferredProject3*","fileNames":[],"compilerOptions":{"module":1,"target":3,"jsx":1,"allowJs":true,"allowSyntheticDefaultImports":true,"allowNonTsExtensions":true,"noEmitForJsFiles":true},"typeAcquisition":{"enable":true,"include":[],"exclude":[]},"unresolvedImports":[],"projectRootPath":"/home/lordie/Projects/deno_react_auth/client/src/Pages","kind":"discover"}
[16:18:23.376] Explicitly included types: []
[16:18:23.376] Inferred typings from unresolved imports: []
[16:18:23.376] Result: {"cachedTypingPaths":[],"newTypingNames":[],"filesToWatch":["/home/lordie/Projects/deno_react_auth/client/src/Pages/bower_components","/home/lordie/Projects/deno_react_auth/client/src/Pages/node_modules"]}
[16:18:23.376] Finished typings discovery: {"cachedTypingPaths":[],"newTypingNames":[],"filesToWatch":["/home/lordie/Projects/deno_react_auth/client/src/Pages/bower_components","/home/lordie/Projects/deno_react_auth/client/src/Pages/node_modules"]}
[16:18:23.376] DirectoryWatcher:: Added:: WatchInfo: /home/lordie/Projects/deno_react_auth/client/src/Pages/bower_components
[16:18:23.376] DirectoryWatcher:: Added:: WatchInfo: /home/lordie/Projects/deno_react_auth/client/src/Pages/bower_components 1 undefined Project: /dev/null/inferredProject3* watcher already invoked: false
[16:18:23.377] Elapsed:: 0.23160000005736947ms DirectoryWatcher:: Added:: WatchInfo: /home/lordie/Projects/deno_react_auth/client/src/Pages/bower_components 1 undefined Project: /dev/null/inferredProject3* watcher already invoked: false
[16:18:23.377] DirectoryWatcher:: Added:: WatchInfo: /home/lordie/Projects/deno_react_auth/client/src/Pages/node_modules
[16:18:23.377] DirectoryWatcher:: Added:: WatchInfo: /home/lordie/Projects/deno_react_auth/client/src/Pages/node_modules 1 undefined Project: /dev/null/inferredProject3* watcher already invoked: false
[16:18:23.377] Elapsed:: 0.15049999998882413ms DirectoryWatcher:: Added:: WatchInfo: /home/lordie/Projects/deno_react_auth/client/src/Pages/node_modules 1 undefined Project: /dev/null/inferredProject3* watcher already invoked: false
[16:18:23.377] Sending response:
    {"projectName":"/dev/null/inferredProject3*","typeAcquisition":{"enable":true,"include":[],"exclude":[]},"compilerOptions":{"module":1,"target":3,"jsx":1,"allowJs":true,"allowSyntheticDefaultImports":true,"allowNonTsExtensions":true,"noEmitForJsFiles":true},"typings":[],"unresolvedImports":[],"kind":"action::set"}
[16:18:23.377] Response has been sent.
[16:18:23.377] No new typings were requested as a result of typings discovery
